<?xml version="1.0" encoding="UTF-8"?>
<testsuite xmlns:xsi="http://www.w3.org/2001/XMLSchema-instance" xsi:noNamespaceSchemaLocation="https://maven.apache.org/surefire/maven-surefire-plugin/xsd/surefire-test-report.xsd" name="com.tmall.auth.test.JwtTest" time="5.898" tests="3" errors="1" skipped="0" failures="0">
  <properties>
    <property name="sun.desktop" value="windows"/>
    <property name="awt.toolkit" value="sun.awt.windows.WToolkit"/>
    <property name="file.encoding.pkg" value="sun.io"/>
    <property name="java.specification.version" value="1.8"/>
    <property name="sun.cpu.isalist" value="amd64"/>
    <property name="sun.jnu.encoding" value="GBK"/>
    <property name="java.class.path" value="F:\IdeaProject\leyou\tmall\tm-auth\tm-auth-common\target\test-classes;F:\IdeaProject\leyou\tmall\tm-auth\tm-auth-common\target\classes;F:\project\shoprepository\repository\org\apache\commons\commons-lang3\3.7\commons-lang3-3.7.jar;F:\project\shoprepository\repository\io\jsonwebtoken\jjwt\0.9.0\jjwt-0.9.0.jar;F:\project\shoprepository\repository\com\fasterxml\jackson\core\jackson-databind\2.9.6\jackson-databind-2.9.6.jar;F:\project\shoprepository\repository\com\fasterxml\jackson\core\jackson-annotations\2.9.0\jackson-annotations-2.9.0.jar;F:\project\shoprepository\repository\com\fasterxml\jackson\core\jackson-core\2.9.6\jackson-core-2.9.6.jar;F:\project\shoprepository\repository\joda-time\joda-time\2.9.9\joda-time-2.9.9.jar;F:\project\shoprepository\repository\org\springframework\boot\spring-boot-starter-test\2.0.4.RELEASE\spring-boot-starter-test-2.0.4.RELEASE.jar;F:\project\shoprepository\repository\org\springframework\boot\spring-boot-starter\2.0.4.RELEASE\spring-boot-starter-2.0.4.RELEASE.jar;F:\project\shoprepository\repository\org\springframework\boot\spring-boot\2.0.4.RELEASE\spring-boot-2.0.4.RELEASE.jar;F:\project\shoprepository\repository\org\springframework\spring-context\5.0.8.RELEASE\spring-context-5.0.8.RELEASE.jar;F:\project\shoprepository\repository\org\springframework\spring-aop\5.0.8.RELEASE\spring-aop-5.0.8.RELEASE.jar;F:\project\shoprepository\repository\org\springframework\spring-beans\5.0.8.RELEASE\spring-beans-5.0.8.RELEASE.jar;F:\project\shoprepository\repository\org\springframework\spring-expression\5.0.8.RELEASE\spring-expression-5.0.8.RELEASE.jar;F:\project\shoprepository\repository\org\springframework\boot\spring-boot-autoconfigure\2.0.4.RELEASE\spring-boot-autoconfigure-2.0.4.RELEASE.jar;F:\project\shoprepository\repository\org\springframework\boot\spring-boot-starter-logging\2.0.4.RELEASE\spring-boot-starter-logging-2.0.4.RELEASE.jar;F:\project\shoprepository\repository\ch\qos\logback\logback-classic\1.2.3\logback-classic-1.2.3.jar;F:\project\shoprepository\repository\ch\qos\logback\logback-core\1.2.3\logback-core-1.2.3.jar;F:\project\shoprepository\repository\org\apache\logging\log4j\log4j-to-slf4j\2.10.0\log4j-to-slf4j-2.10.0.jar;F:\project\shoprepository\repository\org\apache\logging\log4j\log4j-api\2.10.0\log4j-api-2.10.0.jar;F:\project\shoprepository\repository\org\slf4j\jul-to-slf4j\1.7.25\jul-to-slf4j-1.7.25.jar;F:\project\shoprepository\repository\javax\annotation\javax.annotation-api\1.3.2\javax.annotation-api-1.3.2.jar;F:\project\shoprepository\repository\org\yaml\snakeyaml\1.19\snakeyaml-1.19.jar;F:\project\shoprepository\repository\org\springframework\boot\spring-boot-test\2.0.4.RELEASE\spring-boot-test-2.0.4.RELEASE.jar;F:\project\shoprepository\repository\org\springframework\boot\spring-boot-test-autoconfigure\2.0.4.RELEASE\spring-boot-test-autoconfigure-2.0.4.RELEASE.jar;F:\project\shoprepository\repository\com\jayway\jsonpath\json-path\2.4.0\json-path-2.4.0.jar;F:\project\shoprepository\repository\net\minidev\json-smart\2.3\json-smart-2.3.jar;F:\project\shoprepository\repository\net\minidev\accessors-smart\1.2\accessors-smart-1.2.jar;F:\project\shoprepository\repository\org\ow2\asm\asm\5.0.4\asm-5.0.4.jar;F:\project\shoprepository\repository\org\slf4j\slf4j-api\1.7.25\slf4j-api-1.7.25.jar;F:\project\shoprepository\repository\junit\junit\4.12\junit-4.12.jar;F:\project\shoprepository\repository\org\assertj\assertj-core\3.9.1\assertj-core-3.9.1.jar;F:\project\shoprepository\repository\org\mockito\mockito-core\2.15.0\mockito-core-2.15.0.jar;F:\project\shoprepository\repository\net\bytebuddy\byte-buddy\1.7.11\byte-buddy-1.7.11.jar;F:\project\shoprepository\repository\net\bytebuddy\byte-buddy-agent\1.7.11\byte-buddy-agent-1.7.11.jar;F:\project\shoprepository\repository\org\objenesis\objenesis\2.6\objenesis-2.6.jar;F:\project\shoprepository\repository\org\hamcrest\hamcrest-core\1.3\hamcrest-core-1.3.jar;F:\project\shoprepository\repository\org\hamcrest\hamcrest-library\1.3\hamcrest-library-1.3.jar;F:\project\shoprepository\repository\org\skyscreamer\jsonassert\1.5.0\jsonassert-1.5.0.jar;F:\project\shoprepository\repository\com\vaadin\external\google\android-json\0.0.20131108.vaadin1\android-json-0.0.20131108.vaadin1.jar;F:\project\shoprepository\repository\org\springframework\spring-core\5.0.8.RELEASE\spring-core-5.0.8.RELEASE.jar;F:\project\shoprepository\repository\org\springframework\spring-jcl\5.0.8.RELEASE\spring-jcl-5.0.8.RELEASE.jar;F:\project\shoprepository\repository\org\springframework\spring-test\5.0.8.RELEASE\spring-test-5.0.8.RELEASE.jar;F:\project\shoprepository\repository\org\xmlunit\xmlunit-core\2.5.1\xmlunit-core-2.5.1.jar;F:\project\shoprepository\repository\org\projectlombok\lombok\1.16.22\lombok-1.16.22.jar;"/>
    <property name="java.vm.vendor" value="Oracle Corporation"/>
    <property name="sun.arch.data.model" value="64"/>
    <property name="user.variant" value=""/>
    <property name="java.vendor.url" value="http://java.oracle.com/"/>
    <property name="user.timezone" value=""/>
    <property name="java.vm.specification.version" value="1.8"/>
    <property name="os.name" value="Windows 10"/>
    <property name="user.country" value="CN"/>
    <property name="sun.java.launcher" value="SUN_STANDARD"/>
    <property name="sun.boot.library.path" value="F:\Java\jdk1.8.0_201\jre\bin"/>
    <property name="sun.java.command" value="C:\Users\ADMINI~1\AppData\Local\Temp\surefire7590183473741877340\surefirebooter5391961319151620358.jar C:\Users\Administrator\AppData\Local\Temp\surefire7590183473741877340 2020-03-20T10-41-06_340-jvmRun1 surefire1210506844746297554tmp surefire_042525688673181886tmp"/>
    <property name="surefire.test.class.path" value="F:\IdeaProject\leyou\tmall\tm-auth\tm-auth-common\target\test-classes;F:\IdeaProject\leyou\tmall\tm-auth\tm-auth-common\target\classes;F:\project\shoprepository\repository\org\apache\commons\commons-lang3\3.7\commons-lang3-3.7.jar;F:\project\shoprepository\repository\io\jsonwebtoken\jjwt\0.9.0\jjwt-0.9.0.jar;F:\project\shoprepository\repository\com\fasterxml\jackson\core\jackson-databind\2.9.6\jackson-databind-2.9.6.jar;F:\project\shoprepository\repository\com\fasterxml\jackson\core\jackson-annotations\2.9.0\jackson-annotations-2.9.0.jar;F:\project\shoprepository\repository\com\fasterxml\jackson\core\jackson-core\2.9.6\jackson-core-2.9.6.jar;F:\project\shoprepository\repository\joda-time\joda-time\2.9.9\joda-time-2.9.9.jar;F:\project\shoprepository\repository\org\springframework\boot\spring-boot-starter-test\2.0.4.RELEASE\spring-boot-starter-test-2.0.4.RELEASE.jar;F:\project\shoprepository\repository\org\springframework\boot\spring-boot-starter\2.0.4.RELEASE\spring-boot-starter-2.0.4.RELEASE.jar;F:\project\shoprepository\repository\org\springframework\boot\spring-boot\2.0.4.RELEASE\spring-boot-2.0.4.RELEASE.jar;F:\project\shoprepository\repository\org\springframework\spring-context\5.0.8.RELEASE\spring-context-5.0.8.RELEASE.jar;F:\project\shoprepository\repository\org\springframework\spring-aop\5.0.8.RELEASE\spring-aop-5.0.8.RELEASE.jar;F:\project\shoprepository\repository\org\springframework\spring-beans\5.0.8.RELEASE\spring-beans-5.0.8.RELEASE.jar;F:\project\shoprepository\repository\org\springframework\spring-expression\5.0.8.RELEASE\spring-expression-5.0.8.RELEASE.jar;F:\project\shoprepository\repository\org\springframework\boot\spring-boot-autoconfigure\2.0.4.RELEASE\spring-boot-autoconfigure-2.0.4.RELEASE.jar;F:\project\shoprepository\repository\org\springframework\boot\spring-boot-starter-logging\2.0.4.RELEASE\spring-boot-starter-logging-2.0.4.RELEASE.jar;F:\project\shoprepository\repository\ch\qos\logback\logback-classic\1.2.3\logback-classic-1.2.3.jar;F:\project\shoprepository\repository\ch\qos\logback\logback-core\1.2.3\logback-core-1.2.3.jar;F:\project\shoprepository\repository\org\apache\logging\log4j\log4j-to-slf4j\2.10.0\log4j-to-slf4j-2.10.0.jar;F:\project\shoprepository\repository\org\apache\logging\log4j\log4j-api\2.10.0\log4j-api-2.10.0.jar;F:\project\shoprepository\repository\org\slf4j\jul-to-slf4j\1.7.25\jul-to-slf4j-1.7.25.jar;F:\project\shoprepository\repository\javax\annotation\javax.annotation-api\1.3.2\javax.annotation-api-1.3.2.jar;F:\project\shoprepository\repository\org\yaml\snakeyaml\1.19\snakeyaml-1.19.jar;F:\project\shoprepository\repository\org\springframework\boot\spring-boot-test\2.0.4.RELEASE\spring-boot-test-2.0.4.RELEASE.jar;F:\project\shoprepository\repository\org\springframework\boot\spring-boot-test-autoconfigure\2.0.4.RELEASE\spring-boot-test-autoconfigure-2.0.4.RELEASE.jar;F:\project\shoprepository\repository\com\jayway\jsonpath\json-path\2.4.0\json-path-2.4.0.jar;F:\project\shoprepository\repository\net\minidev\json-smart\2.3\json-smart-2.3.jar;F:\project\shoprepository\repository\net\minidev\accessors-smart\1.2\accessors-smart-1.2.jar;F:\project\shoprepository\repository\org\ow2\asm\asm\5.0.4\asm-5.0.4.jar;F:\project\shoprepository\repository\org\slf4j\slf4j-api\1.7.25\slf4j-api-1.7.25.jar;F:\project\shoprepository\repository\junit\junit\4.12\junit-4.12.jar;F:\project\shoprepository\repository\org\assertj\assertj-core\3.9.1\assertj-core-3.9.1.jar;F:\project\shoprepository\repository\org\mockito\mockito-core\2.15.0\mockito-core-2.15.0.jar;F:\project\shoprepository\repository\net\bytebuddy\byte-buddy\1.7.11\byte-buddy-1.7.11.jar;F:\project\shoprepository\repository\net\bytebuddy\byte-buddy-agent\1.7.11\byte-buddy-agent-1.7.11.jar;F:\project\shoprepository\repository\org\objenesis\objenesis\2.6\objenesis-2.6.jar;F:\project\shoprepository\repository\org\hamcrest\hamcrest-core\1.3\hamcrest-core-1.3.jar;F:\project\shoprepository\repository\org\hamcrest\hamcrest-library\1.3\hamcrest-library-1.3.jar;F:\project\shoprepository\repository\org\skyscreamer\jsonassert\1.5.0\jsonassert-1.5.0.jar;F:\project\shoprepository\repository\com\vaadin\external\google\android-json\0.0.20131108.vaadin1\android-json-0.0.20131108.vaadin1.jar;F:\project\shoprepository\repository\org\springframework\spring-core\5.0.8.RELEASE\spring-core-5.0.8.RELEASE.jar;F:\project\shoprepository\repository\org\springframework\spring-jcl\5.0.8.RELEASE\spring-jcl-5.0.8.RELEASE.jar;F:\project\shoprepository\repository\org\springframework\spring-test\5.0.8.RELEASE\spring-test-5.0.8.RELEASE.jar;F:\project\shoprepository\repository\org\xmlunit\xmlunit-core\2.5.1\xmlunit-core-2.5.1.jar;F:\project\shoprepository\repository\org\projectlombok\lombok\1.16.22\lombok-1.16.22.jar;"/>
    <property name="sun.cpu.endian" value="little"/>
    <property name="user.home" value="C:\Users\Administrator"/>
    <property name="user.language" value="zh"/>
    <property name="java.specification.vendor" value="Oracle Corporation"/>
    <property name="java.home" value="F:\Java\jdk1.8.0_201\jre"/>
    <property name="basedir" value="F:\IdeaProject\leyou\tmall\tm-auth\tm-auth-common"/>
    <property name="file.separator" value="\"/>
    <property name="line.separator" value="&#10;"/>
    <property name="java.vm.specification.vendor" value="Oracle Corporation"/>
    <property name="java.specification.name" value="Java Platform API Specification"/>
    <property name="java.awt.graphicsenv" value="sun.awt.Win32GraphicsEnvironment"/>
    <property name="surefire.real.class.path" value="C:\Users\ADMINI~1\AppData\Local\Temp\surefire7590183473741877340\surefirebooter5391961319151620358.jar"/>
    <property name="sun.boot.class.path" value="F:\Java\jdk1.8.0_201\jre\lib\resources.jar;F:\Java\jdk1.8.0_201\jre\lib\rt.jar;F:\Java\jdk1.8.0_201\jre\lib\sunrsasign.jar;F:\Java\jdk1.8.0_201\jre\lib\jsse.jar;F:\Java\jdk1.8.0_201\jre\lib\jce.jar;F:\Java\jdk1.8.0_201\jre\lib\charsets.jar;F:\Java\jdk1.8.0_201\jre\lib\jfr.jar;F:\Java\jdk1.8.0_201\jre\classes"/>
    <property name="user.script" value=""/>
    <property name="sun.management.compiler" value="HotSpot 64-Bit Tiered Compilers"/>
    <property name="java.runtime.version" value="1.8.0_201-b09"/>
    <property name="user.name" value="Administrator"/>
    <property name="path.separator" value=";"/>
    <property name="os.version" value="10.0"/>
    <property name="java.endorsed.dirs" value="F:\Java\jdk1.8.0_201\jre\lib\endorsed"/>
    <property name="java.runtime.name" value="Java(TM) SE Runtime Environment"/>
    <property name="file.encoding" value="GBK"/>
    <property name="java.vm.name" value="Java HotSpot(TM) 64-Bit Server VM"/>
    <property name="localRepository" value="F:\project\shoprepository\repository"/>
    <property name="java.vendor.url.bug" value="http://bugreport.sun.com/bugreport/"/>
    <property name="java.io.tmpdir" value="C:\Users\ADMINI~1\AppData\Local\Temp\"/>
    <property name="java.version" value="1.8.0_201"/>
    <property name="user.dir" value="F:\IdeaProject\leyou\tmall\tm-auth\tm-auth-common"/>
    <property name="os.arch" value="amd64"/>
    <property name="java.vm.specification.name" value="Java Virtual Machine Specification"/>
    <property name="java.awt.printerjob" value="sun.awt.windows.WPrinterJob"/>
    <property name="idea.version2019.3.1" value="true"/>
    <property name="sun.os.patch.level" value=""/>
    <property name="java.library.path" value="F:\Java\jdk1.8.0_201\jre\bin;C:\Windows\Sun\Java\bin;C:\Windows\system32;C:\Windows;C:\Perl64\site\bin;C:\Perl64\bin;C:\Program Files (x86)\Common Files\Oracle\Java\javapath;C:\Windows\system32;C:\Windows;C:\Windows\System32\Wbem;C:\Windows\System32\WindowsPowerShell\v1.0\;F:\Java\jdk1.8.0_201\bin;F:\Java\jdk1.8.0_201\jre\bin;C:\Program Files\MySQL\MySQL Utilities 1.6\;F:\apache-tomcat-8.5.43\lib;F:\apache-tomcat-8.5.43\bin;D:\Program Files\OpenVPN\bin;F:\Program Files\Git\cmd;F:\Redis-x64-3.2.100;F:\apache-maven-3.5.4\bin;F:\Program Files\OpenVPN\bin;C:\Program Files\OpenVPN\bin;F:\Program Files\nodejs\;C:\ProgramData\chocolatey\bin;E:\Program Files\erl10.6\bin;F:\Program Files (x86)\Python\Scripts\;F:\Program Files (x86)\Python\;C:\Users\Administrator\AppData\Local\Microsoft\WindowsApps;;F:\Program Files\JetBrains\PyCharm 2019.3\bin;;C:\Users\Administrator\AppData\Roaming\npm;F:\Program Files\Microsoft VS Code\bin;F:\Program Files\JetBrains\IntelliJ IDEA 2019.3.1\bin;;."/>
    <property name="java.vm.info" value="mixed mode"/>
    <property name="java.vendor" value="Oracle Corporation"/>
    <property name="java.vm.version" value="25.201-b09"/>
    <property name="java.ext.dirs" value="F:\Java\jdk1.8.0_201\jre\lib\ext;C:\Windows\Sun\Java\lib\ext"/>
    <property name="sun.io.unicode.encoding" value="UnicodeLittle"/>
    <property name="java.class.version" value="52.0"/>
  </properties>
  <testcase name="testParseToken" classname="com.tmall.auth.test.JwtTest" time="4.334">
    <error message="JWT signature does not match locally computed signature. JWT validity cannot be asserted and should not be trusted." type="io.jsonwebtoken.SignatureException">io.jsonwebtoken.SignatureException: JWT signature does not match locally computed signature. JWT validity cannot be asserted and should not be trusted.
	at com.tmall.auth.test.JwtTest.testParseToken(JwtTest.java:45)
</error>
  </testcase>
  <testcase name="testRsa" classname="com.tmall.auth.test.JwtTest" time="0.692"/>
  <testcase name="testGenerateToken" classname="com.tmall.auth.test.JwtTest" time="0.484"/>
</testsuite>